This file contains any messages produced by compilers while
running configure, to aid debugging if configure makes a mistake.

It was created by Maude configure 3.5beta, which was
generated by GNU Autoconf 2.71.  Invocation command line was

  $ ./configure --with-yices2=yes --with-cvc4=no

## --------- ##
## Platform. ##
## --------- ##

hostname = dipayan2-Precision-3660
uname -m = x86_64
uname -r = 6.2.0-33-generic
uname -s = Linux
uname -v = #33~22.04.1-Ubuntu SMP PREEMPT_DYNAMIC Thu Sep  7 10:33:52 UTC 2

/usr/bin/uname -p = x86_64
/bin/uname -X     = unknown

/bin/arch              = x86_64
/usr/bin/arch -k       = unknown
/usr/convex/getsysinfo = unknown
/usr/bin/hostinfo      = unknown
/bin/machine           = unknown
/usr/bin/oslevel       = unknown
/bin/universe          = unknown

PATH: /home/dipayan2/.local/bin/
PATH: /usr/local/sbin/
PATH: /usr/local/bin/
PATH: /usr/sbin/
PATH: /usr/bin/
PATH: /sbin/
PATH: /bin/
PATH: /usr/games/
PATH: /usr/local/games/
PATH: /snap/bin/


## ----------- ##
## Core tests. ##
## ----------- ##

configure:2763: looking for aux files: compile missing install-sh config.guess config.sub
configure:2776:  trying ./
configure:2805:   ./compile found
configure:2805:   ./missing found
configure:2787:   ./install-sh found
configure:2805:   ./config.guess found
configure:2805:   ./config.sub found
configure:2935: checking build system type
configure:2950: result: x86_64-pc-linux-gnu
configure:2970: checking host system type
configure:2984: result: x86_64-pc-linux-gnu
configure:3024: checking for a BSD-compatible install
configure:3097: result: /usr/bin/install -c
configure:3108: checking whether build environment is sane
configure:3163: result: yes
configure:3322: checking for a race-free mkdir -p
configure:3366: result: /usr/bin/mkdir -p
configure:3373: checking for gawk
configure:3408: result: no
configure:3373: checking for mawk
configure:3394: found /usr/bin/mawk
configure:3405: result: mawk
configure:3416: checking whether make sets $(MAKE)
configure:3439: result: yes
configure:3469: checking whether make supports nested variables
configure:3487: result: yes
configure:3572: checking whether UID '1000' is supported by ustar format
configure:3575: result: yes
configure:3582: checking whether GID '1000' is supported by ustar format
configure:3585: result: yes
configure:3593: checking how to create a ustar tar archive
configure:3604: tar --version
tar (GNU tar) 1.34
Copyright (C) 2021 Free Software Foundation, Inc.
License GPLv3+: GNU GPL version 3 or later <https://gnu.org/licenses/gpl.html>.
This is free software: you are free to change and redistribute it.
There is NO WARRANTY, to the extent permitted by law.

Written by John Gilmore and Jay Fenlason.
configure:3607: $? = 0
configure:3647: tardir=conftest.dir && eval tar --format=ustar -chf - "$tardir" >conftest.tar
configure:3650: $? = 0
configure:3654: tar -xf - <conftest.tar
configure:3657: $? = 0
configure:3659: cat conftest.dir/file
GrepMe
configure:3662: $? = 0
configure:3676: result: gnutar
configure:3826: checking for gcc
configure:3847: found /usr/bin/gcc
configure:3858: result: gcc
configure:4211: checking for C compiler version
configure:4220: gcc --version >&5
gcc (Ubuntu 11.4.0-1ubuntu1~22.04) 11.4.0
Copyright (C) 2021 Free Software Foundation, Inc.
This is free software; see the source for copying conditions.  There is NO
warranty; not even for MERCHANTABILITY or FITNESS FOR A PARTICULAR PURPOSE.

configure:4231: $? = 0
configure:4220: gcc -v >&5
Using built-in specs.
COLLECT_GCC=gcc
COLLECT_LTO_WRAPPER=/usr/lib/gcc/x86_64-linux-gnu/11/lto-wrapper
OFFLOAD_TARGET_NAMES=nvptx-none:amdgcn-amdhsa
OFFLOAD_TARGET_DEFAULT=1
Target: x86_64-linux-gnu
Configured with: ../src/configure -v --with-pkgversion='Ubuntu 11.4.0-1ubuntu1~22.04' --with-bugurl=file:///usr/share/doc/gcc-11/README.Bugs --enable-languages=c,ada,c++,go,brig,d,fortran,objc,obj-c++,m2 --prefix=/usr --with-gcc-major-version-only --program-suffix=-11 --program-prefix=x86_64-linux-gnu- --enable-shared --enable-linker-build-id --libexecdir=/usr/lib --without-included-gettext --enable-threads=posix --libdir=/usr/lib --enable-nls --enable-bootstrap --enable-clocale=gnu --enable-libstdcxx-debug --enable-libstdcxx-time=yes --with-default-libstdcxx-abi=new --enable-gnu-unique-object --disable-vtable-verify --enable-plugin --enable-default-pie --with-system-zlib --enable-libphobos-checking=release --with-target-system-zlib=auto --enable-objc-gc=auto --enable-multiarch --disable-werror --enable-cet --with-arch-32=i686 --with-abi=m64 --with-multilib-list=m32,m64,mx32 --enable-multilib --with-tune=generic --enable-offload-targets=nvptx-none=/build/gcc-11-XeT9lY/gcc-11-11.4.0/debian/tmp-nvptx/usr,amdgcn-amdhsa=/build/gcc-11-XeT9lY/gcc-11-11.4.0/debian/tmp-gcn/usr --without-cuda-driver --enable-checking=release --build=x86_64-linux-gnu --host=x86_64-linux-gnu --target=x86_64-linux-gnu --with-build-config=bootstrap-lto-lean --enable-link-serialization=2
Thread model: posix
Supported LTO compression algorithms: zlib zstd
gcc version 11.4.0 (Ubuntu 11.4.0-1ubuntu1~22.04) 
... rest of stderr output deleted ...
configure:4231: $? = 0
configure:4220: gcc -V >&5
gcc: error: unrecognized command-line option '-V'
gcc: fatal error: no input files
compilation terminated.
configure:4231: $? = 1
configure:4220: gcc -qversion >&5
gcc: error: unrecognized command-line option '-qversion'; did you mean '--version'?
gcc: fatal error: no input files
compilation terminated.
configure:4231: $? = 1
configure:4220: gcc -version >&5
gcc: error: unrecognized command-line option '-version'
gcc: fatal error: no input files
compilation terminated.
configure:4231: $? = 1
configure:4251: checking whether the C compiler works
configure:4273: gcc -g -Wall   conftest.c  >&5
configure:4277: $? = 0
configure:4327: result: yes
configure:4330: checking for C compiler default output file name
configure:4332: result: a.out
configure:4338: checking for suffix of executables
configure:4345: gcc -o conftest -g -Wall   conftest.c  >&5
configure:4349: $? = 0
configure:4372: result: 
configure:4394: checking whether we are cross compiling
configure:4402: gcc -o conftest -g -Wall   conftest.c  >&5
configure:4406: $? = 0
configure:4413: ./conftest
configure:4417: $? = 0
configure:4432: result: no
configure:4437: checking for suffix of object files
configure:4460: gcc -c -g -Wall  conftest.c >&5
configure:4464: $? = 0
configure:4486: result: o
configure:4490: checking whether the compiler supports GNU C
configure:4510: gcc -c -g -Wall  conftest.c >&5
configure:4510: $? = 0
configure:4520: result: yes
configure:4531: checking whether gcc accepts -g
configure:4552: gcc -c -g  conftest.c >&5
configure:4552: $? = 0
configure:4596: result: yes
configure:4616: checking for gcc option to enable C11 features
configure:4631: gcc  -c -g -Wall  conftest.c >&5
configure:4631: $? = 0
configure:4649: result: none needed
configure:4765: checking whether gcc understands -c and -o together
configure:4788: gcc -c conftest.c -o conftest2.o
configure:4791: $? = 0
configure:4788: gcc -c conftest.c -o conftest2.o
configure:4791: $? = 0
configure:4803: result: yes
configure:4823: checking whether make supports the include directive
configure:4838: make -f confmf.GNU && cat confinc.out
this is the am__doit target
configure:4841: $? = 0
configure:4860: result: yes (GNU style)
configure:4886: checking dependency style of gcc
configure:4998: result: gcc3
configure:5082: checking for g++
configure:5103: found /usr/bin/g++
configure:5114: result: g++
configure:5141: checking for C++ compiler version
configure:5150: g++ --version >&5
g++ (Ubuntu 11.4.0-1ubuntu1~22.04) 11.4.0
Copyright (C) 2021 Free Software Foundation, Inc.
This is free software; see the source for copying conditions.  There is NO
warranty; not even for MERCHANTABILITY or FITNESS FOR A PARTICULAR PURPOSE.

configure:5161: $? = 0
configure:5150: g++ -v >&5
Using built-in specs.
COLLECT_GCC=g++
COLLECT_LTO_WRAPPER=/usr/lib/gcc/x86_64-linux-gnu/11/lto-wrapper
OFFLOAD_TARGET_NAMES=nvptx-none:amdgcn-amdhsa
OFFLOAD_TARGET_DEFAULT=1
Target: x86_64-linux-gnu
Configured with: ../src/configure -v --with-pkgversion='Ubuntu 11.4.0-1ubuntu1~22.04' --with-bugurl=file:///usr/share/doc/gcc-11/README.Bugs --enable-languages=c,ada,c++,go,brig,d,fortran,objc,obj-c++,m2 --prefix=/usr --with-gcc-major-version-only --program-suffix=-11 --program-prefix=x86_64-linux-gnu- --enable-shared --enable-linker-build-id --libexecdir=/usr/lib --without-included-gettext --enable-threads=posix --libdir=/usr/lib --enable-nls --enable-bootstrap --enable-clocale=gnu --enable-libstdcxx-debug --enable-libstdcxx-time=yes --with-default-libstdcxx-abi=new --enable-gnu-unique-object --disable-vtable-verify --enable-plugin --enable-default-pie --with-system-zlib --enable-libphobos-checking=release --with-target-system-zlib=auto --enable-objc-gc=auto --enable-multiarch --disable-werror --enable-cet --with-arch-32=i686 --with-abi=m64 --with-multilib-list=m32,m64,mx32 --enable-multilib --with-tune=generic --enable-offload-targets=nvptx-none=/build/gcc-11-XeT9lY/gcc-11-11.4.0/debian/tmp-nvptx/usr,amdgcn-amdhsa=/build/gcc-11-XeT9lY/gcc-11-11.4.0/debian/tmp-gcn/usr --without-cuda-driver --enable-checking=release --build=x86_64-linux-gnu --host=x86_64-linux-gnu --target=x86_64-linux-gnu --with-build-config=bootstrap-lto-lean --enable-link-serialization=2
Thread model: posix
Supported LTO compression algorithms: zlib zstd
gcc version 11.4.0 (Ubuntu 11.4.0-1ubuntu1~22.04) 
... rest of stderr output deleted ...
configure:5161: $? = 0
configure:5150: g++ -V >&5
g++: error: unrecognized command-line option '-V'
g++: fatal error: no input files
compilation terminated.
configure:5161: $? = 1
configure:5150: g++ -qversion >&5
g++: error: unrecognized command-line option '-qversion'; did you mean '--version'?
g++: fatal error: no input files
compilation terminated.
configure:5161: $? = 1
configure:5165: checking whether the compiler supports GNU C++
configure:5185: g++ -c -g -Wall  conftest.cpp >&5
configure:5185: $? = 0
configure:5195: result: yes
configure:5206: checking whether g++ accepts -g
configure:5227: g++ -c -g  conftest.cpp >&5
configure:5227: $? = 0
configure:5271: result: yes
configure:5291: checking for g++ option to enable C++11 features
configure:5306: g++  -c -g -Wall  conftest.cpp >&5
conftest.cpp: In function 'int main(int, char**)':
conftest.cpp:134:8: warning: unused variable 'a1' [-Wunused-variable]
  134 |   auto a1 = 6538;
      |        ^~
conftest.cpp:141:16: warning: unused variable 'a4' [-Wunused-variable]
  141 |   decltype(a2) a4 = 34895.034;
      |                ^~
conftest.cpp:145:9: warning: unused variable 'sa' [-Wunused-variable]
  145 |   short sa[cxx11test::get_val()] = { 0 };
      |         ^~
conftest.cpp:149:23: warning: unused variable 'il' [-Wunused-variable]
  149 |   cxx11test::testinit il = { 4323, 435234.23544 };
      |                       ^~
conftest.cpp:170:8: warning: unused variable 'a' [-Wunused-variable]
  170 |   auto a = sum(1);
      |        ^
conftest.cpp:171:8: warning: unused variable 'b' [-Wunused-variable]
  171 |   auto b = sum(1, 2);
      |        ^
conftest.cpp:172:8: warning: unused variable 'c' [-Wunused-variable]
  172 |   auto c = sum(1.0, 2.0, 3.0);
      |        ^
conftest.cpp:177:25: warning: empty parentheses were disambiguated as a function declaration [-Wvexing-parse]
  177 |   cxx11test::delegate d2();
      |                         ^~
conftest.cpp:177:25: note: remove parentheses to default-initialize a variable
  177 |   cxx11test::delegate d2();
      |                         ^~
      |                         --
conftest.cpp:177:25: note: or replace parentheses with braces to value-initialize a variable
conftest.cpp:186:9: warning: unused variable 'c' [-Wunused-variable]
  186 |   char *c = nullptr;
      |         ^
conftest.cpp:194:15: warning: unused variable 'utf8' [-Wunused-variable]
  194 |   char const *utf8 = u8"UTF-8 string \u2500";
      |               ^~~~
conftest.cpp:195:19: warning: unused variable 'utf16' [-Wunused-variable]
  195 |   char16_t const *utf16 = u"UTF-8 string \u2500";
      |                   ^~~~~
conftest.cpp:196:19: warning: unused variable 'utf32' [-Wunused-variable]
  196 |   char32_t const *utf32 = U"UTF-32 string \u2500";
      |                   ^~~~~
configure:5306: $? = 0
configure:5324: result: none needed
configure:5390: checking dependency style of g++
configure:5502: result: gcc3
configure:5518: checking g++ compiler version
configure:5521: result: 11
configure:5572: checking for ranlib
configure:5593: found /usr/bin/ranlib
configure:5604: result: ranlib
configure:5638: checking for ppoll(2)
configure:5658: gcc -o conftest -g -Wall   conftest.c  >&5
conftest.c: In function 'main':
conftest.c:18:6: warning: implicit declaration of function 'ppoll'; did you mean 'poll'? [-Wimplicit-function-declaration]
   18 | rc = ppoll((struct pollfd *)(0), 0, (struct timespec const *)(0), (sigset_t const *)(0));
      |      ^~~~~
      |      poll
conftest.c:16:5: warning: variable 'rc' set but not used [-Wunused-but-set-variable]
   16 | int rc;
      |     ^~
configure:5658: $? = 0
configure:5670: result: yes
configure:5688: checking for socket in -lsocket
configure:5711: gcc -o conftest -g -Wall   conftest.c -lsocket   >&5
/usr/bin/ld: cannot find -lsocket: No such file or directory
collect2: error: ld returned 1 exit status
configure:5711: $? = 1
configure: failed program was:
| /* confdefs.h */
| #define PACKAGE_NAME "Maude"
| #define PACKAGE_TARNAME "maude"
| #define PACKAGE_VERSION "3.5beta"
| #define PACKAGE_STRING "Maude 3.5beta"
| #define PACKAGE_BUGREPORT "maude-bugs@lists.cs.illinois.edu"
| #define PACKAGE_URL ""
| #define PACKAGE "maude"
| #define VERSION "3.5beta"
| #define HAVE_PPOLL /**/
| /* end confdefs.h.  */
| 
| /* Override any GCC internal prototype to avoid an error.
|    Use char because int might match the return type of a GCC
|    builtin and then its argument prototype would still apply.  */
| char socket ();
| int
| main (void)
| {
| return socket ();
|   ;
|   return 0;
| }
configure:5721: result: no
configure:5864: checking for tputs in -ltinfo
configure:5887: gcc -o conftest -g -Wall   conftest.c -ltinfo   >&5
/usr/bin/ld: cannot find -ltinfo: No such file or directory
collect2: error: ld returned 1 exit status
configure:5887: $? = 1
configure: failed program was:
| /* confdefs.h */
| #define PACKAGE_NAME "Maude"
| #define PACKAGE_TARNAME "maude"
| #define PACKAGE_VERSION "3.5beta"
| #define PACKAGE_STRING "Maude 3.5beta"
| #define PACKAGE_BUGREPORT "maude-bugs@lists.cs.illinois.edu"
| #define PACKAGE_URL ""
| #define PACKAGE "maude"
| #define VERSION "3.5beta"
| #define HAVE_PPOLL /**/
| #define USE_YICES2 /**/
| #define USE_TECLA /**/
| /* end confdefs.h.  */
| 
| /* Override any GCC internal prototype to avoid an error.
|    Use char because int might match the return type of a GCC
|    builtin and then its argument prototype would still apply.  */
| char tputs ();
| int
| main (void)
| {
| return tputs ();
|   ;
|   return 0;
| }
configure:5897: result: no
configure:5903: checking for tputs in -lncurses
configure:5926: gcc -o conftest -g -Wall   conftest.c -lncurses   >&5
/usr/bin/ld: cannot find -lncurses: No such file or directory
collect2: error: ld returned 1 exit status
configure:5926: $? = 1
configure: failed program was:
| /* confdefs.h */
| #define PACKAGE_NAME "Maude"
| #define PACKAGE_TARNAME "maude"
| #define PACKAGE_VERSION "3.5beta"
| #define PACKAGE_STRING "Maude 3.5beta"
| #define PACKAGE_BUGREPORT "maude-bugs@lists.cs.illinois.edu"
| #define PACKAGE_URL ""
| #define PACKAGE "maude"
| #define VERSION "3.5beta"
| #define HAVE_PPOLL /**/
| #define USE_YICES2 /**/
| #define USE_TECLA /**/
| /* end confdefs.h.  */
| 
| /* Override any GCC internal prototype to avoid an error.
|    Use char because int might match the return type of a GCC
|    builtin and then its argument prototype would still apply.  */
| char tputs ();
| int
| main (void)
| {
| return tputs ();
|   ;
|   return 0;
| }
configure:5936: result: no
configure:5942: checking for tputs in -lcurses
configure:5965: gcc -o conftest -g -Wall   conftest.c -lcurses   >&5
/usr/bin/ld: cannot find -lcurses: No such file or directory
collect2: error: ld returned 1 exit status
configure:5965: $? = 1
configure: failed program was:
| /* confdefs.h */
| #define PACKAGE_NAME "Maude"
| #define PACKAGE_TARNAME "maude"
| #define PACKAGE_VERSION "3.5beta"
| #define PACKAGE_STRING "Maude 3.5beta"
| #define PACKAGE_BUGREPORT "maude-bugs@lists.cs.illinois.edu"
| #define PACKAGE_URL ""
| #define PACKAGE "maude"
| #define VERSION "3.5beta"
| #define HAVE_PPOLL /**/
| #define USE_YICES2 /**/
| #define USE_TECLA /**/
| /* end confdefs.h.  */
| 
| /* Override any GCC internal prototype to avoid an error.
|    Use char because int might match the return type of a GCC
|    builtin and then its argument prototype would still apply.  */
| char tputs ();
| int
| main (void)
| {
| return tputs ();
|   ;
|   return 0;
| }
configure:5975: result: no
configure:6050: checking for stdio.h
configure:6050: g++ -c -g -Wall  conftest.cpp >&5
configure:6050: $? = 0
configure:6050: result: yes
configure:6050: checking for stdlib.h
configure:6050: g++ -c -g -Wall  conftest.cpp >&5
configure:6050: $? = 0
configure:6050: result: yes
configure:6050: checking for string.h
configure:6050: g++ -c -g -Wall  conftest.cpp >&5
configure:6050: $? = 0
configure:6050: result: yes
configure:6050: checking for inttypes.h
configure:6050: g++ -c -g -Wall  conftest.cpp >&5
configure:6050: $? = 0
configure:6050: result: yes
configure:6050: checking for stdint.h
configure:6050: g++ -c -g -Wall  conftest.cpp >&5
configure:6050: $? = 0
configure:6050: result: yes
configure:6050: checking for strings.h
configure:6050: g++ -c -g -Wall  conftest.cpp >&5
configure:6050: $? = 0
configure:6050: result: yes
configure:6050: checking for sys/stat.h
configure:6050: g++ -c -g -Wall  conftest.cpp >&5
configure:6050: $? = 0
configure:6050: result: yes
configure:6050: checking for sys/types.h
configure:6050: g++ -c -g -Wall  conftest.cpp >&5
configure:6050: $? = 0
configure:6050: result: yes
configure:6050: checking for unistd.h
configure:6050: g++ -c -g -Wall  conftest.cpp >&5
configure:6050: $? = 0
configure:6050: result: yes
configure:6050: checking for sys/time.h
configure:6050: g++ -c -g -Wall  conftest.cpp >&5
configure:6050: $? = 0
configure:6050: result: yes
configure:6085: checking for sys/time.h
configure:6085: result: yes
configure:6092: checking for math.h
configure:6092: g++ -c -g -Wall  conftest.cpp >&5
configure:6092: $? = 0
configure:6092: result: yes
configure:6099: checking for ieeefp.h
configure:6099: g++ -c -g -Wall  conftest.cpp >&5
conftest.cpp:57:10: fatal error: ieeefp.h: No such file or directory
   57 | #include <ieeefp.h>
      |          ^~~~~~~~~~
compilation terminated.
configure:6099: $? = 1
configure: failed program was:
| /* confdefs.h */
| #define PACKAGE_NAME "Maude"
| #define PACKAGE_TARNAME "maude"
| #define PACKAGE_VERSION "3.5beta"
| #define PACKAGE_STRING "Maude 3.5beta"
| #define PACKAGE_BUGREPORT "maude-bugs@lists.cs.illinois.edu"
| #define PACKAGE_URL ""
| #define PACKAGE "maude"
| #define VERSION "3.5beta"
| #define HAVE_PPOLL /**/
| #define USE_YICES2 /**/
| #define USE_TECLA /**/
| #define USE_LIBSIGSEGV /**/
| #define HAVE_STDIO_H 1
| #define HAVE_STDLIB_H 1
| #define HAVE_STRING_H 1
| #define HAVE_INTTYPES_H 1
| #define HAVE_STDINT_H 1
| #define HAVE_STRINGS_H 1
| #define HAVE_SYS_STAT_H 1
| #define HAVE_SYS_TYPES_H 1
| #define HAVE_UNISTD_H 1
| #define HAVE_SYS_TIME_H 1
| #define STDC_HEADERS 1
| #define TIME_WITH_SYS_TIME 1
| #define HAVE_SYS_TIME_H 1
| #define HAVE_MATH_H 1
| /* end confdefs.h.  */
| #include <stddef.h>
| #ifdef HAVE_STDIO_H
| # include <stdio.h>
| #endif
| #ifdef HAVE_STDLIB_H
| # include <stdlib.h>
| #endif
| #ifdef HAVE_STRING_H
| # include <string.h>
| #endif
| #ifdef HAVE_INTTYPES_H
| # include <inttypes.h>
| #endif
| #ifdef HAVE_STDINT_H
| # include <stdint.h>
| #endif
| #ifdef HAVE_STRINGS_H
| # include <strings.h>
| #endif
| #ifdef HAVE_SYS_TYPES_H
| # include <sys/types.h>
| #endif
| #ifdef HAVE_SYS_STAT_H
| # include <sys/stat.h>
| #endif
| #ifdef HAVE_UNISTD_H
| # include <unistd.h>
| #endif
| #include <ieeefp.h>
configure:6099: result: no
configure:6106: checking for sys/termios.h
configure:6106: g++ -c -g -Wall  conftest.cpp >&5
configure:6106: $? = 0
configure:6106: result: yes
configure:6113: checking for stddef.h
configure:6113: g++ -c -g -Wall  conftest.cpp >&5
configure:6113: $? = 0
configure:6113: result: yes
configure:6120: checking for limits.h
configure:6120: g++ -c -g -Wall  conftest.cpp >&5
configure:6120: $? = 0
configure:6120: result: yes
configure:6127: checking for stdlib.h
configure:6127: result: yes
configure:6134: checking for stdio.h
configure:6134: result: yes
configure:6141: checking for ctype.h
configure:6141: g++ -c -g -Wall  conftest.cpp >&5
configure:6141: $? = 0
configure:6141: result: yes
configure:6148: checking for unistd.h
configure:6148: result: yes
configure:6155: checking for ostream
configure:6155: g++ -c -g -Wall  conftest.cpp >&5
configure:6155: $? = 0
configure:6155: result: yes
configure:6162: checking for ostream.h
configure:6162: g++ -c -g -Wall  conftest.cpp >&5
conftest.cpp:65:10: fatal error: ostream.h: No such file or directory
   65 | #include <ostream.h>
      |          ^~~~~~~~~~~
compilation terminated.
configure:6162: $? = 1
configure: failed program was:
| /* confdefs.h */
| #define PACKAGE_NAME "Maude"
| #define PACKAGE_TARNAME "maude"
| #define PACKAGE_VERSION "3.5beta"
| #define PACKAGE_STRING "Maude 3.5beta"
| #define PACKAGE_BUGREPORT "maude-bugs@lists.cs.illinois.edu"
| #define PACKAGE_URL ""
| #define PACKAGE "maude"
| #define VERSION "3.5beta"
| #define HAVE_PPOLL /**/
| #define USE_YICES2 /**/
| #define USE_TECLA /**/
| #define USE_LIBSIGSEGV /**/
| #define HAVE_STDIO_H 1
| #define HAVE_STDLIB_H 1
| #define HAVE_STRING_H 1
| #define HAVE_INTTYPES_H 1
| #define HAVE_STDINT_H 1
| #define HAVE_STRINGS_H 1
| #define HAVE_SYS_STAT_H 1
| #define HAVE_SYS_TYPES_H 1
| #define HAVE_UNISTD_H 1
| #define HAVE_SYS_TIME_H 1
| #define STDC_HEADERS 1
| #define TIME_WITH_SYS_TIME 1
| #define HAVE_SYS_TIME_H 1
| #define HAVE_MATH_H 1
| #define HAVE_SYS_TERMIOS_H 1
| #define HAVE_STDDEF_H 1
| #define HAVE_LIMITS_H 1
| #define HAVE_STDLIB_H 1
| #define HAVE_STDIO_H 1
| #define HAVE_CTYPE_H 1
| #define HAVE_UNISTD_H 1
| #define HAVE_OSTREAM 1
| /* end confdefs.h.  */
| #include <stddef.h>
| #ifdef HAVE_STDIO_H
| # include <stdio.h>
| #endif
| #ifdef HAVE_STDLIB_H
| # include <stdlib.h>
| #endif
| #ifdef HAVE_STRING_H
| # include <string.h>
| #endif
| #ifdef HAVE_INTTYPES_H
| # include <inttypes.h>
| #endif
| #ifdef HAVE_STDINT_H
| # include <stdint.h>
| #endif
| #ifdef HAVE_STRINGS_H
| # include <strings.h>
| #endif
| #ifdef HAVE_SYS_TYPES_H
| # include <sys/types.h>
| #endif
| #ifdef HAVE_SYS_STAT_H
| # include <sys/stat.h>
| #endif
| #ifdef HAVE_UNISTD_H
| # include <unistd.h>
| #endif
| #include <ostream.h>
configure:6162: result: no
configure:6176: checking size of short
configure:6182: g++ -o conftest -g -Wall   conftest.cpp  >&5
configure:6182: $? = 0
configure:6182: ./conftest
configure:6182: $? = 0
configure:6197: result: 2
configure:6209: checking size of int
configure:6215: g++ -o conftest -g -Wall   conftest.cpp  >&5
configure:6215: $? = 0
configure:6215: ./conftest
configure:6215: $? = 0
configure:6230: result: 4
configure:6242: checking size of long
configure:6248: g++ -o conftest -g -Wall   conftest.cpp  >&5
configure:6248: $? = 0
configure:6248: ./conftest
configure:6248: $? = 0
configure:6263: result: 8
configure:6275: checking size of unsigned long
configure:6281: g++ -o conftest -g -Wall   conftest.cpp  >&5
configure:6281: $? = 0
configure:6281: ./conftest
configure:6281: $? = 0
configure:6296: result: 8
configure:6308: checking size of void *
configure:6314: g++ -o conftest -g -Wall   conftest.cpp  >&5
configure:6314: $? = 0
configure:6314: ./conftest
configure:6314: $? = 0
configure:6329: result: 8
configure:6651: checking that generated files are newer than configure
configure:6657: result: done
configure:6688: creating ./config.status

## ---------------------- ##
## Running config.status. ##
## ---------------------- ##

This file was extended by Maude config.status 3.5beta, which was
generated by GNU Autoconf 2.71.  Invocation command line was

  CONFIG_FILES    = 
  CONFIG_HEADERS  = 
  CONFIG_LINKS    = 
  CONFIG_COMMANDS = 
  $ ./config.status 

on dipayan2-Precision-3660

config.status:930: creating Makefile
config.status:930: creating src/Makefile
config.status:930: creating src/Utility/Makefile
config.status:930: creating src/Parser/Makefile
config.status:930: creating src/Temporal/Makefile
config.status:930: creating src/Interface/Makefile
config.status:930: creating src/Core/Makefile
config.status:930: creating src/Variable/Makefile
config.status:930: creating src/NA_Theory/Makefile
config.status:930: creating src/ACU_Persistent/Makefile
config.status:930: creating src/ACU_Theory/Makefile
config.status:930: creating src/AU_Persistent/Makefile
config.status:930: creating src/AU_Theory/Makefile
config.status:930: creating src/CUI_Theory/Makefile
config.status:930: creating src/S_Theory/Makefile
config.status:930: creating src/FreeTheory/Makefile
config.status:930: creating src/Higher/Makefile
config.status:930: creating src/BuiltIn/Makefile
config.status:930: creating src/IO_Stuff/Makefile
config.status:930: creating src/ObjectSystem/Makefile
config.status:930: creating src/Meta/Makefile
config.status:930: creating src/FullCompiler/Makefile
config.status:930: creating src/StrategyLanguage/Makefile
config.status:930: creating src/Mixfix/Makefile
config.status:930: creating src/SMT/Makefile
config.status:930: creating src/Main/Makefile
config.status:930: creating tests/Makefile
config.status:930: creating tests/Corner/Makefile
config.status:930: creating tests/BuiltIn/Makefile
config.status:930: creating tests/Meta/Makefile
config.status:930: creating tests/Misc/Makefile
config.status:930: creating tests/ResolvedBugs/Makefile
config.status:930: creating tests/StrategyLanguage/Makefile
config.status:930: creating tests/ObjectOriented/Makefile
config.status:930: creating doc/Makefile
config.status:930: creating config.h
config.status:1111: config.h is unchanged
config.status:1159: executing depfiles commands
config.status:1236: cd src/Utility       && sed -e '/# am--include-marker/d' Makefile         | make -f - am--depfiles
make: Nothing to be done for 'am--depfiles'.
config.status:1241: $? = 0
config.status:1236: cd src/Parser       && sed -e '/# am--include-marker/d' Makefile         | make -f - am--depfiles
make: Nothing to be done for 'am--depfiles'.
config.status:1241: $? = 0
config.status:1236: cd src/Temporal       && sed -e '/# am--include-marker/d' Makefile         | make -f - am--depfiles
make: Nothing to be done for 'am--depfiles'.
config.status:1241: $? = 0
config.status:1236: cd src/Interface       && sed -e '/# am--include-marker/d' Makefile         | make -f - am--depfiles
make: Nothing to be done for 'am--depfiles'.
config.status:1241: $? = 0
config.status:1236: cd src/Core       && sed -e '/# am--include-marker/d' Makefile         | make -f - am--depfiles
make: Nothing to be done for 'am--depfiles'.
config.status:1241: $? = 0
config.status:1236: cd src/Variable       && sed -e '/# am--include-marker/d' Makefile         | make -f - am--depfiles
make: Nothing to be done for 'am--depfiles'.
config.status:1241: $? = 0
config.status:1236: cd src/NA_Theory       && sed -e '/# am--include-marker/d' Makefile         | make -f - am--depfiles
make: Nothing to be done for 'am--depfiles'.
config.status:1241: $? = 0
config.status:1236: cd src/ACU_Persistent       && sed -e '/# am--include-marker/d' Makefile         | make -f - am--depfiles
make: Nothing to be done for 'am--depfiles'.
config.status:1241: $? = 0
config.status:1236: cd src/ACU_Theory       && sed -e '/# am--include-marker/d' Makefile         | make -f - am--depfiles
make: Nothing to be done for 'am--depfiles'.
config.status:1241: $? = 0
config.status:1236: cd src/AU_Persistent       && sed -e '/# am--include-marker/d' Makefile         | make -f - am--depfiles
make: Nothing to be done for 'am--depfiles'.
config.status:1241: $? = 0
config.status:1236: cd src/AU_Theory       && sed -e '/# am--include-marker/d' Makefile         | make -f - am--depfiles
make: Nothing to be done for 'am--depfiles'.
config.status:1241: $? = 0
config.status:1236: cd src/CUI_Theory       && sed -e '/# am--include-marker/d' Makefile         | make -f - am--depfiles
make: Nothing to be done for 'am--depfiles'.
config.status:1241: $? = 0
config.status:1236: cd src/S_Theory       && sed -e '/# am--include-marker/d' Makefile         | make -f - am--depfiles
make: Nothing to be done for 'am--depfiles'.
config.status:1241: $? = 0
config.status:1236: cd src/FreeTheory       && sed -e '/# am--include-marker/d' Makefile         | make -f - am--depfiles
make: Nothing to be done for 'am--depfiles'.
config.status:1241: $? = 0
config.status:1236: cd src/Higher       && sed -e '/# am--include-marker/d' Makefile         | make -f - am--depfiles
make: Nothing to be done for 'am--depfiles'.
config.status:1241: $? = 0
config.status:1236: cd src/BuiltIn       && sed -e '/# am--include-marker/d' Makefile         | make -f - am--depfiles
make: Nothing to be done for 'am--depfiles'.
config.status:1241: $? = 0
config.status:1236: cd src/IO_Stuff       && sed -e '/# am--include-marker/d' Makefile         | make -f - am--depfiles
make: Nothing to be done for 'am--depfiles'.
config.status:1241: $? = 0
config.status:1236: cd src/ObjectSystem       && sed -e '/# am--include-marker/d' Makefile         | make -f - am--depfiles
make: Nothing to be done for 'am--depfiles'.
config.status:1241: $? = 0
config.status:1236: cd src/Meta       && sed -e '/# am--include-marker/d' Makefile         | make -f - am--depfiles
make: Nothing to be done for 'am--depfiles'.
config.status:1241: $? = 0
config.status:1236: cd src/FullCompiler       && sed -e '/# am--include-marker/d' Makefile         | make -f - am--depfiles
make: Nothing to be done for 'am--depfiles'.
config.status:1241: $? = 0
config.status:1236: cd src/StrategyLanguage       && sed -e '/# am--include-marker/d' Makefile         | make -f - am--depfiles
make: Nothing to be done for 'am--depfiles'.
config.status:1241: $? = 0
config.status:1236: cd src/Mixfix       && sed -e '/# am--include-marker/d' Makefile         | make -f - am--depfiles
make: Nothing to be done for 'am--depfiles'.
config.status:1241: $? = 0
config.status:1236: cd src/SMT       && sed -e '/# am--include-marker/d' Makefile         | make -f - am--depfiles
make: Nothing to be done for 'am--depfiles'.
config.status:1241: $? = 0
config.status:1236: cd src/Main       && sed -e '/# am--include-marker/d' Makefile         | make -f - am--depfiles
make: Nothing to be done for 'am--depfiles'.
config.status:1241: $? = 0

## ---------------- ##
## Cache variables. ##
## ---------------- ##

ac_cv_build=x86_64-pc-linux-gnu
ac_cv_c_compiler_gnu=yes
ac_cv_cxx_compiler_gnu=yes
ac_cv_env_CCC_set=
ac_cv_env_CCC_value=
ac_cv_env_CC_set=
ac_cv_env_CC_value=
ac_cv_env_CFLAGS_set=
ac_cv_env_CFLAGS_value=
ac_cv_env_CPPFLAGS_set=
ac_cv_env_CPPFLAGS_value=
ac_cv_env_CXXFLAGS_set=
ac_cv_env_CXXFLAGS_value=
ac_cv_env_CXX_set=
ac_cv_env_CXX_value=
ac_cv_env_LDFLAGS_set=
ac_cv_env_LDFLAGS_value=
ac_cv_env_LIBS_set=
ac_cv_env_LIBS_value=
ac_cv_env_build_alias_set=
ac_cv_env_build_alias_value=
ac_cv_env_host_alias_set=
ac_cv_env_host_alias_value=
ac_cv_env_target_alias_set=
ac_cv_env_target_alias_value=
ac_cv_header_ctype_h=yes
ac_cv_header_ieeefp_h=no
ac_cv_header_inttypes_h=yes
ac_cv_header_limits_h=yes
ac_cv_header_math_h=yes
ac_cv_header_ostream=yes
ac_cv_header_ostream_h=no
ac_cv_header_stddef_h=yes
ac_cv_header_stdint_h=yes
ac_cv_header_stdio_h=yes
ac_cv_header_stdlib_h=yes
ac_cv_header_string_h=yes
ac_cv_header_strings_h=yes
ac_cv_header_sys_stat_h=yes
ac_cv_header_sys_termios_h=yes
ac_cv_header_sys_time_h=yes
ac_cv_header_sys_types_h=yes
ac_cv_header_unistd_h=yes
ac_cv_host=x86_64-pc-linux-gnu
ac_cv_lib_curses_tputs=no
ac_cv_lib_ncurses_tputs=no
ac_cv_lib_socket_socket=no
ac_cv_lib_tinfo_tputs=no
ac_cv_objext=o
ac_cv_path_install='/usr/bin/install -c'
ac_cv_path_mkdir=/usr/bin/mkdir
ac_cv_prog_AWK=mawk
ac_cv_prog_ac_ct_CC=gcc
ac_cv_prog_ac_ct_CXX=g++
ac_cv_prog_ac_ct_RANLIB=ranlib
ac_cv_prog_cc_c11=
ac_cv_prog_cc_g=yes
ac_cv_prog_cc_stdc=
ac_cv_prog_cxx_11=no
ac_cv_prog_cxx_cxx11=
ac_cv_prog_cxx_g=yes
ac_cv_prog_cxx_stdcxx=
ac_cv_prog_make_make_set=yes
ac_cv_sizeof_int=4
ac_cv_sizeof_long=8
ac_cv_sizeof_short=2
ac_cv_sizeof_unsigned_long=8
ac_cv_sizeof_void_p=8
am_cv_CC_dependencies_compiler_type=gcc3
am_cv_CXX_dependencies_compiler_type=gcc3
am_cv_make_support_nested_variables=yes
am_cv_prog_cc_c_o=yes
am_cv_prog_tar_ustar=gnutar
ax_cv_have_ppoll=yes

## ----------------- ##
## Output variables. ##
## ----------------- ##

ACLOCAL='${SHELL} '\''/home/dipayan2/Desktop/MAUDE/gmaude/makeMaude/missing'\'' aclocal-1.16'
AMDEPBACKSLASH='\'
AMDEP_FALSE='#'
AMDEP_TRUE=''
AMTAR='$${TAR-tar}'
AM_BACKSLASH='\'
AM_DEFAULT_V='$(AM_DEFAULT_VERBOSITY)'
AM_DEFAULT_VERBOSITY='1'
AM_V='$(V)'
AUTOCONF='${SHELL} '\''/home/dipayan2/Desktop/MAUDE/gmaude/makeMaude/missing'\'' autoconf'
AUTOHEADER='${SHELL} '\''/home/dipayan2/Desktop/MAUDE/gmaude/makeMaude/missing'\'' autoheader'
AUTOMAKE='${SHELL} '\''/home/dipayan2/Desktop/MAUDE/gmaude/makeMaude/missing'\'' automake-1.16'
AWK='mawk'
BISON='bison'
BUDDY_LIB='-lbdd'
BUILD_COMPILER_FALSE=''
BUILD_COMPILER_TRUE='#'
CC='gcc'
CCDEPMODE='depmode=gcc3'
CFLAGS='-g -Wall -O2 -fomit-frame-pointer -fforce-addr -mpreferred-stack-boundary=4 '
CPPFLAGS=''
CSCOPE='cscope'
CTAGS='ctags'
CVC4_LIB=''
CXX='g++'
CXXDEPMODE='depmode=gcc3'
CXXFLAGS='-g -Wall -O2 -fomit-frame-pointer -fforce-addr -mpreferred-stack-boundary=4 '
CYGPATH_W='echo'
DEFS='-DHAVE_CONFIG_H'
DEPDIR='.deps'
ECHO_C=''
ECHO_N='-n'
ECHO_T=''
ETAGS='etags'
EXEEXT=''
FLEX='flex'
GCC_LIBS=''
GMP_LIBS='-lgmpxx -lgmp'
INSTALL_DATA='${INSTALL} -m 644'
INSTALL_PROGRAM='${INSTALL}'
INSTALL_SCRIPT='${INSTALL}'
INSTALL_STRIP_PROGRAM='$(install_sh) -c -s'
LDFLAGS=''
LIBOBJS=''
LIBS=''
LIBSIGSEGV_LIB='-lsigsegv'
LTLIBOBJS=''
MAKEINFO='${SHELL} '\''/home/dipayan2/Desktop/MAUDE/gmaude/makeMaude/missing'\'' makeinfo'
MKDIR_P='/usr/bin/mkdir -p'
OBJEXT='o'
PACKAGE='maude'
PACKAGE_BUGREPORT='maude-bugs@lists.cs.illinois.edu'
PACKAGE_NAME='Maude'
PACKAGE_STRING='Maude 3.5beta'
PACKAGE_TARNAME='maude'
PACKAGE_URL=''
PACKAGE_VERSION='3.5beta'
PATH_SEPARATOR=':'
RANLIB='ranlib'
SET_MAKE=''
SHELL='/bin/bash'
STRIP=''
TECLA_LIBS='-ltecla'
VERSION='3.5beta'
YICES2_LIB='-lyices'
ac_ct_CC='gcc'
ac_ct_CXX='g++'
am__EXEEXT_FALSE=''
am__EXEEXT_TRUE='#'
am__fastdepCC_FALSE='#'
am__fastdepCC_TRUE=''
am__fastdepCXX_FALSE='#'
am__fastdepCXX_TRUE=''
am__include='include'
am__isrc=''
am__leading_dot='.'
am__nodep='_no'
am__quote=''
am__tar='tar --format=ustar -chf - "$$tardir"'
am__untar='tar -xf -'
bindir='${exec_prefix}/bin'
build='x86_64-pc-linux-gnu'
build_alias=''
build_cpu='x86_64'
build_os='linux-gnu'
build_vendor='pc'
datadir='${datarootdir}'
datarootdir='${prefix}/share'
docdir='${datarootdir}/doc/${PACKAGE_TARNAME}'
dvidir='${docdir}'
exec_prefix='${prefix}'
host='x86_64-pc-linux-gnu'
host_alias=''
host_cpu='x86_64'
host_os='linux-gnu'
host_vendor='pc'
htmldir='${docdir}'
includedir='${prefix}/include'
infodir='${datarootdir}/info'
install_sh='${SHELL} /home/dipayan2/Desktop/MAUDE/gmaude/makeMaude/install-sh'
libdir='${exec_prefix}/lib'
libexecdir='${exec_prefix}/libexec'
localedir='${datarootdir}/locale'
localstatedir='${prefix}/var'
mandir='${datarootdir}/man'
mkdir_p='$(MKDIR_P)'
oldincludedir='/usr/include'
pdfdir='${docdir}'
prefix='/usr/local'
program_transform_name='s,x,x,'
psdir='${docdir}'
runstatedir='${localstatedir}/run'
sbindir='${exec_prefix}/sbin'
sharedstatedir='${prefix}/com'
sysconfdir='${prefix}/etc'
target_alias=''

## ----------- ##
## confdefs.h. ##
## ----------- ##

/* confdefs.h */
#define PACKAGE_NAME "Maude"
#define PACKAGE_TARNAME "maude"
#define PACKAGE_VERSION "3.5beta"
#define PACKAGE_STRING "Maude 3.5beta"
#define PACKAGE_BUGREPORT "maude-bugs@lists.cs.illinois.edu"
#define PACKAGE_URL ""
#define PACKAGE "maude"
#define VERSION "3.5beta"
#define HAVE_PPOLL /**/
#define USE_YICES2 /**/
#define USE_TECLA /**/
#define USE_LIBSIGSEGV /**/
#define HAVE_STDIO_H 1
#define HAVE_STDLIB_H 1
#define HAVE_STRING_H 1
#define HAVE_INTTYPES_H 1
#define HAVE_STDINT_H 1
#define HAVE_STRINGS_H 1
#define HAVE_SYS_STAT_H 1
#define HAVE_SYS_TYPES_H 1
#define HAVE_UNISTD_H 1
#define HAVE_SYS_TIME_H 1
#define STDC_HEADERS 1
#define TIME_WITH_SYS_TIME 1
#define HAVE_SYS_TIME_H 1
#define HAVE_MATH_H 1
#define HAVE_SYS_TERMIOS_H 1
#define HAVE_STDDEF_H 1
#define HAVE_LIMITS_H 1
#define HAVE_STDLIB_H 1
#define HAVE_STDIO_H 1
#define HAVE_CTYPE_H 1
#define HAVE_UNISTD_H 1
#define HAVE_OSTREAM 1
#define SIZEOF_SHORT 2
#define SIZEOF_INT 4
#define SIZEOF_LONG 8
#define SIZEOF_UNSIGNED_LONG 8
#define SIZEOF_VOID_P 8
#define NO_ASSERT /**/
#define LOCAL_INLINES /**/
#define HAVE_CMOV /**/

configure: exit 0
